<?xml version="1.0" encoding="utf-8"?><testsuites name="pytest tests"><testsuite name="pytest" errors="0" failures="0" skipped="0" tests="20" time="10.131" timestamp="2026-05-24T12:07:30.001676+00:00" hostname="agent-env-e8c7a014-4bdc-40bc-b712-10e4d14963da"><testcase classname="backend.tests.test_iter12_pin_nomba" name="test_auth_me_has_pin_flag" time="1.029" /><testcase classname="backend.tests.test_iter12_pin_nomba" name="test_pin_status_no_pin" time="0.053" /><testcase classname="backend.tests.test_iter12_pin_nomba" name="test_pin_set_wrong_password" time="0.285" /><testcase classname="backend.tests.test_iter12_pin_nomba" name="test_pin_set_invalid_format" time="0.554" /><testcase classname="backend.tests.test_iter12_pin_nomba" name="test_pin_set_success_and_status_flips" time="0.707" /><testcase classname="backend.tests.test_iter12_pin_nomba" name="test_pin_set_twice_rejected" time="0.050" /><testcase classname="backend.tests.test_iter12_pin_nomba" name="test_pin_change_wrong_old" time="0.283" /><testcase classname="backend.tests.test_iter12_pin_nomba" name="test_pin_change_invalid_new" time="0.302" /><testcase classname="backend.tests.test_iter12_pin_nomba" name="test_pin_change_success" time="0.501" /><testcase classname="backend.tests.test_iter12_pin_nomba" name="test_withdraw_rejected_when_no_pin" time="0.778" /><testcase classname="backend.tests.test_iter12_pin_nomba" name="test_withdraw_wrong_pin_counter" time="1.129" /><testcase classname="backend.tests.test_iter12_pin_nomba" name="test_withdraw_5th_wrong_pin_locks" time="0.276" /><testcase classname="backend.tests.test_iter12_pin_nomba" name="test_withdraw_during_lock_returns_429" time="0.053" /><testcase classname="backend.tests.test_iter12_pin_nomba" name="test_pin_correct_passes_to_next_check" time="2.368" /><testcase classname="backend.tests.test_iter12_pin_nomba" name="test_admin_nomba_balance" time="1.333" /><testcase classname="backend.tests.test_iter12_pin_nomba" name="test_admin_nomba_balance_requires_auth" time="0.048" /><testcase classname="backend.tests.test_iter12_pin_nomba" name="test_admin_poll_pending" time="0.054" /><testcase classname="backend.tests.test_iter12_pin_nomba" name="test_admin_poll_pending_requires_admin" time="0.049" /><testcase classname="backend.tests.test_iter12_pin_nomba" name="test_admin_refresh_status" time="0.113" /><testcase classname="backend.tests.test_iter12_pin_nomba" name="test_admin_refresh_status_404" time="0.054" /></testsuite></testsuites>