<?xml version="1.0" encoding="utf-8"?><testsuites name="pytest tests"><testsuite name="pytest" errors="0" failures="0" skipped="0" tests="16" time="7.807" timestamp="2026-05-20T23:02:58.525406+00:00" hostname="agent-env-e8c7a014-4bdc-40bc-b712-10e4d14963da"><testcase classname="backend.tests.test_iter4.TestRegisterSecurityQuestionsHardening" name="test_only_q1_a1_returns_400" time="0.125" /><testcase classname="backend.tests.test_iter4.TestRegisterSecurityQuestionsHardening" name="test_only_q2_a2_returns_400" time="0.099" /><testcase classname="backend.tests.test_iter4.TestRegisterSecurityQuestionsHardening" name="test_same_question_returns_400" time="0.107" /><testcase classname="backend.tests.test_iter4.TestRegisterSecurityQuestionsHardening" name="test_no_security_fields_succeeds" time="0.345" /><testcase classname="backend.tests.test_iter4.TestRegisterSecurityQuestionsHardening" name="test_all_four_distinct_succeeds" time="0.780" /><testcase classname="backend.tests.test_iter4.TestAdminBanks" name="test_banks_admin_ok" time="0.447" /><testcase classname="backend.tests.test_iter4.TestAdminBanks" name="test_banks_no_auth_401" time="0.102" /><testcase classname="backend.tests.test_iter4.TestAdminBanks" name="test_banks_user_403" time="0.784" /><testcase classname="backend.tests.test_iter4.TestSettingsFeaturedAndAnnouncement" name="test_put_and_get_settings" time="0.341" /><testcase classname="backend.tests.test_iter4.TestSettingsFeaturedAndAnnouncement" name="test_turn_off_announcement" time="0.220" /><testcase classname="backend.tests.test_iter4.TestPayPaystack" name="test_pay_mock_success" time="1.436" /><testcase classname="backend.tests.test_iter4.TestPayPaystack" name="test_already_paid_returns_400" time="0.951" /><testcase classname="backend.tests.test_iter4.TestPayPaystack" name="test_missing_id_404" time="0.101" /><testcase classname="backend.tests.test_iter4.TestPayPaystack" name="test_missing_bank_code_422" time="0.776" /><testcase classname="backend.tests.test_iter4.TestSmoke" name="test_settings_public" time="0.103" /><testcase classname="backend.tests.test_iter4.TestSmoke" name="test_products_and_invest_and_deposit" time="1.028" /></testsuite></testsuites>