<?xml version="1.0" encoding="utf-8"?><testsuites name="pytest tests"><testsuite name="pytest" errors="0" failures="0" skipped="0" tests="12" time="2.013" timestamp="2026-05-21T15:38:02.425572+00:00" hostname="agent-env-e8c7a014-4bdc-40bc-b712-10e4d14963da"><testcase classname="backend.tests.test_iter11.TestDepositsByDay" name="test_valid_date_today" time="0.762" /><testcase classname="backend.tests.test_iter11.TestDepositsByDay" name="test_invalid_date_returns_400" time="0.077" /><testcase classname="backend.tests.test_iter11.TestDepositsByDay" name="test_empty_day_returns_zero" time="0.084" /><testcase classname="backend.tests.test_iter11.TestDepositsByDay" name="test_requires_auth" time="0.208" /><testcase classname="backend.tests.test_iter11.TestAdminRegression" name="test_existing_endpoints_200[/admin/stats/extended]" time="0.095" /><testcase classname="backend.tests.test_iter11.TestAdminRegression" name="test_existing_endpoints_200[/admin/stats/inflow]" time="0.091" /><testcase classname="backend.tests.test_iter11.TestAdminRegression" name="test_existing_endpoints_200[/admin/transactions]" time="0.145" /><testcase classname="backend.tests.test_iter11.TestAdminRegression" name="test_existing_endpoints_200[/admin/withdrawals]" time="0.098" /><testcase classname="backend.tests.test_iter11.TestAdminRegression" name="test_existing_endpoints_200[/admin/deposits]" time="0.084" /><testcase classname="backend.tests.test_iter11.TestAdminRegression" name="test_existing_endpoints_200[/admin/users]" time="0.111" /><testcase classname="backend.tests.test_iter11.TestAdminRegression" name="test_pay_nomba_route_present" time="0.082" /><testcase classname="backend.tests.test_iter11.TestInflowZeroFill" name="test_series_is_zero_filled" time="0.103" /></testsuite></testsuites>