<?xml version="1.0" encoding="utf-8"?><testsuites name="pytest tests"><testsuite name="pytest" errors="0" failures="0" skipped="0" tests="19" time="8.871" timestamp="2026-05-21T01:32:55.462232+00:00" hostname="agent-env-e8c7a014-4bdc-40bc-b712-10e4d14963da"><testcase classname="backend.tests.test_iter7.TestNotificationsRemoved" name="test_list_notifications_404" time="0.243" /><testcase classname="backend.tests.test_iter7.TestNotificationsRemoved" name="test_unread_count_404" time="0.117" /><testcase classname="backend.tests.test_iter7.TestNotificationsRemoved" name="test_mark_read_404" time="0.107" /><testcase classname="backend.tests.test_iter7.TestSettingsPublic" name="test_public_shape" time="0.127" /><testcase classname="backend.tests.test_iter7.TestSettingsAdmin" name="test_admin_get_settings" time="0.489" /><testcase classname="backend.tests.test_iter7.TestSettingsAdmin" name="test_admin_put_settings_echo" time="0.243" /><testcase classname="backend.tests.test_iter7.TestReferralChain" name="test_referrals_collection_only_gen1_gen2" time="1.403" /><testcase classname="backend.tests.test_iter7.TestReferralChain" name="test_referrals_api_returns_2_gens" time="0.156" /><testcase classname="backend.tests.test_iter7.TestReferralChain" name="test_referrals_details_gen3_rejected" time="0.109" /><testcase classname="backend.tests.test_iter7.TestReferralChain" name="test_referrals_details_gen1_gen2_ok" time="0.254" /><testcase classname="backend.tests.test_iter7.TestPayoutCommissions" name="test_award_only_2_gens" time="1.783" /><testcase classname="backend.tests.test_iter7.TestPayNomba" name="test_pay_nomba_mock" time="1.140" /><testcase classname="backend.tests.test_iter7.TestUploadImage" name="test_upload_png" time="0.288" /><testcase classname="backend.tests.test_iter7.TestRegression" name="test_products" time="0.489" /><testcase classname="backend.tests.test_iter7.TestRegression" name="test_login_admin" time="0.379" /><testcase classname="backend.tests.test_iter7.TestRegression" name="test_register_phone_validation" time="0.163" /><testcase classname="backend.tests.test_iter7.TestRegression" name="test_admin_banks" time="0.116" /><testcase classname="backend.tests.test_iter7.TestRegression" name="test_deposit_init_verify_mock" time="0.594" /><testcase classname="backend.tests.test_iter7.TestRegression" name="test_invest_flow" time="0.511" /></testsuite></testsuites>