<?xml version="1.0" encoding="utf-8"?><testsuites name="pytest tests"><testsuite name="pytest" errors="0" failures="1" skipped="0" tests="6" time="2.747" timestamp="2026-05-20T23:09:53.789290+00:00" hostname="agent-env-e8c7a014-4bdc-40bc-b712-10e4d14963da"><testcase classname="backend.tests.test_iter4_1.TestFeaturedProductIdClearing" name="test_set_then_clear_with_empty_string" time="1.073" /><testcase classname="backend.tests.test_iter4_1.TestFeaturedProductIdClearing" name="test_set_then_clear_with_null" time="0.373"><failure message="AssertionError: {'featured_product_id': 'R96XF7FAKG', 'gen1_percent': 10.0, 'gen2_percent': 5.0, 'gen3_percent': 2.0, ...}&#10;assert 'R96XF7FAKG' is None&#10; +  where 'R96XF7FAKG' = &lt;built-in method get of dict object at 0xfbf7c0a33dc0&gt;('featured_product_id')&#10; +    where &lt;built-in method get of dict object at 0xfbf7c0a33dc0&gt; = {'featured_product_id': 'R96XF7FAKG', 'gen1_percent': 10.0, 'gen2_percent': 5.0, 'gen3_percent': 2.0, ...}.get">backend/tests/test_iter4_1.py:95: in test_set_then_clear_with_null
    assert pub2.get("featured_product_id") is None, pub2
E   AssertionError: {'featured_product_id': 'R96XF7FAKG', 'gen1_percent': 10.0, 'gen2_percent': 5.0, 'gen3_percent': 2.0, ...}
E   assert 'R96XF7FAKG' is None
E    +  where 'R96XF7FAKG' = &lt;built-in method get of dict object at 0xfbf7c0a33dc0&gt;('featured_product_id')
E    +    where &lt;built-in method get of dict object at 0xfbf7c0a33dc0&gt; = {'featured_product_id': 'R96XF7FAKG', 'gen1_percent': 10.0, 'gen2_percent': 5.0, 'gen3_percent': 2.0, ...}.get</failure></testcase><testcase classname="backend.tests.test_iter4_1.TestSmokeSubset" name="test_security_questions_only_q1" time="0.149" /><testcase classname="backend.tests.test_iter4_1.TestSmokeSubset" name="test_security_questions_same" time="0.112" /><testcase classname="backend.tests.test_iter4_1.TestSmokeSubset" name="test_admin_banks_ok" time="0.128" /><testcase classname="backend.tests.test_iter4_1.TestSmokeSubset" name="test_pay_paystack_happy_path" time="0.823" /></testsuite></testsuites>