<?xml version="1.0" encoding="utf-8"?><testsuites name="pytest tests"><testsuite name="pytest" errors="0" failures="0" skipped="0" tests="11" time="4.248" timestamp="2026-05-21T01:45:34.774415+00:00" hostname="agent-env-e8c7a014-4bdc-40bc-b712-10e4d14963da"><testcase classname="backend.tests.test_iter8.TestWelcomeBonusPersistence" name="test_put_get_welcome_bonus" time="0.707" /><testcase classname="backend.tests.test_iter8.TestWelcomeBonusPersistence" name="test_new_user_gets_welcome_bonus_900" time="0.543" /><testcase classname="backend.tests.test_iter8.TestWelcomeBonusPersistence" name="test_restore_750_and_new_user" time="0.455" /><testcase classname="backend.tests.test_iter8.TestGen3Removed" name="test_admin_settings_no_gen3" time="0.102" /><testcase classname="backend.tests.test_iter8.TestGen3Removed" name="test_put_gen3_silently_ignored" time="0.107" /><testcase classname="backend.tests.test_iter8.TestGen3Removed" name="test_public_settings_no_gen3" time="0.148" /><testcase classname="backend.tests.test_iter8.TestRegressionSmoke" name="test_admin_login" time="0.348" /><testcase classname="backend.tests.test_iter8.TestRegressionSmoke" name="test_user_login" time="0.689" /><testcase classname="backend.tests.test_iter8.TestRegressionSmoke" name="test_products_list" time="0.122" /><testcase classname="backend.tests.test_iter8.TestRegressionSmoke" name="test_invest_flow" time="0.733" /><testcase classname="backend.tests.test_iter8.TestRegressionSmoke" name="test_referrals_keys" time="0.209" /></testsuite></testsuites>