<?xml version="1.0" encoding="utf-8"?><testsuites name="pytest tests"><testsuite name="pytest" errors="0" failures="0" skipped="0" tests="6" time="3.310" timestamp="2026-05-20T23:14:49.281793+00:00" hostname="agent-env-e8c7a014-4bdc-40bc-b712-10e4d14963da"><testcase classname="backend.tests.test_iter4_1.TestFeaturedProductIdClearing" name="test_set_then_clear_with_empty_string" time="1.820" /><testcase classname="backend.tests.test_iter4_1.TestFeaturedProductIdClearing" name="test_set_then_clear_with_null" time="0.343" /><testcase classname="backend.tests.test_iter4_1.TestSmokeSubset" name="test_security_questions_only_q1" time="0.110" /><testcase classname="backend.tests.test_iter4_1.TestSmokeSubset" name="test_security_questions_same" time="0.132" /><testcase classname="backend.tests.test_iter4_1.TestSmokeSubset" name="test_admin_banks_ok" time="0.100" /><testcase classname="backend.tests.test_iter4_1.TestSmokeSubset" name="test_pay_paystack_happy_path" time="0.749" /></testsuite></testsuites>