<?xml version="1.0" encoding="utf-8"?><testsuites name="pytest tests"><testsuite name="pytest" errors="0" failures="0" skipped="0" tests="8" time="6.107" timestamp="2026-05-27T10:22:24.878989+00:00" hostname="agent-env-e8c7a014-4bdc-40bc-b712-10e4d14963da"><testcase classname="backend.tests.test_deposit_marasoft" name="test_public_settings_marasoft_gateway" time="0.244" /><testcase classname="backend.tests.test_deposit_marasoft" name="test_deposit_initialize_marasoft_bank_transfer" time="4.741" /><testcase classname="backend.tests.test_deposit_marasoft" name="test_deposit_persisted_in_db_via_list" time="0.112" /><testcase classname="backend.tests.test_deposit_marasoft" name="test_deposit_verify_pending_or_failed" time="0.493" /><testcase classname="backend.tests.test_deposit_marasoft" name="test_deposit_below_minimum_rejected" time="0.110" /><testcase classname="backend.tests.test_deposit_marasoft" name="test_auth_me" time="0.108" /><testcase classname="backend.tests.test_deposit_marasoft" name="test_withdrawal_pin_status" time="0.124" /><testcase classname="backend.tests.test_deposit_marasoft" name="test_products_list" time="0.107" /></testsuite></testsuites>