<?xml version="1.0" encoding="utf-8"?><testsuites name="pytest tests"><testsuite name="pytest" errors="0" failures="0" skipped="0" tests="11" time="1.438" timestamp="2026-05-21T15:03:10.844724+00:00" hostname="agent-env-e8c7a014-4bdc-40bc-b712-10e4d14963da"><testcase classname="backend.tests.test_iter10.TestExtendedStats" name="test_extended_stats_structure" time="0.610" /><testcase classname="backend.tests.test_iter10.TestExtendedStats" name="test_extended_stats_requires_auth" time="0.135" /><testcase classname="backend.tests.test_iter10.TestInflow" name="test_inflow_default_last7" time="0.054" /><testcase classname="backend.tests.test_iter10.TestInflow" name="test_inflow_custom_range" time="0.056" /><testcase classname="backend.tests.test_iter10.TestInflow" name="test_inflow_requires_auth" time="0.109" /><testcase classname="backend.tests.test_iter10.TestAdminRegression" name="test_existing_endpoints_200[/admin/stats]" time="0.056" /><testcase classname="backend.tests.test_iter10.TestAdminRegression" name="test_existing_endpoints_200[/admin/users]" time="0.060" /><testcase classname="backend.tests.test_iter10.TestAdminRegression" name="test_existing_endpoints_200[/admin/products]" time="0.053" /><testcase classname="backend.tests.test_iter10.TestAdminRegression" name="test_existing_endpoints_200[/admin/deposits]" time="0.059" /><testcase classname="backend.tests.test_iter10.TestAdminRegression" name="test_existing_endpoints_200[/admin/withdrawals]" time="0.053" /><testcase classname="backend.tests.test_iter10.TestAdminRegression" name="test_existing_endpoints_200[/admin/transactions]" time="0.115" /></testsuite></testsuites>