<?xml version="1.0" encoding="utf-8"?><testsuites name="pytest tests"><testsuite name="pytest" errors="0" failures="0" skipped="0" tests="12" time="5.647" timestamp="2026-05-20T22:12:43.970992+00:00" hostname="agent-env-e8c7a014-4bdc-40bc-b712-10e4d14963da"><testcase classname="backend.tests.test_redesign" name="test_register_with_security_questions_persists" time="1.173" /><testcase classname="backend.tests.test_redesign" name="test_security_questions_no_auth_required" time="0.114" /><testcase classname="backend.tests.test_redesign" name="test_security_questions_404_when_not_set" time="0.320" /><testcase classname="backend.tests.test_redesign" name="test_security_questions_404_unknown_phone" time="0.052" /><testcase classname="backend.tests.test_redesign" name="test_reset_with_questions_wrong_answer" time="0.499" /><testcase classname="backend.tests.test_redesign" name="test_reset_with_questions_success_case_insensitive" time="1.308" /><testcase classname="backend.tests.test_redesign" name="test_upload_image_admin_only" time="0.345" /><testcase classname="backend.tests.test_redesign" name="test_upload_image_rejects_non_admin" time="0.137" /><testcase classname="backend.tests.test_redesign" name="test_upload_rejects_non_image" time="0.131" /><testcase classname="backend.tests.test_redesign" name="test_upload_rejects_oversize" time="0.555" /><testcase classname="backend.tests.test_redesign" name="test_files_endpoint_serves_uploaded_image" time="0.429" /><testcase classname="backend.tests.test_redesign" name="test_files_endpoint_no_auth_required" time="0.507" /></testsuite></testsuites>