<?xml version="1.0" encoding="utf-8"?><testsuites name="pytest tests"><testsuite name="pytest" errors="0" failures="0" skipped="0" tests="20" time="5.771" timestamp="2026-05-20T21:30:21.347312+00:00" hostname="agent-env-e8c7a014-4bdc-40bc-b712-10e4d14963da"><testcase classname="backend.tests.test_incremental_update" name="test_register_phone_short" time="0.404" /><testcase classname="backend.tests.test_incremental_update" name="test_register_phone_long" time="0.078" /><testcase classname="backend.tests.test_incremental_update" name="test_register_phone_nonnumeric" time="0.083" /><testcase classname="backend.tests.test_incremental_update" name="test_register_phone_ok" time="0.321" /><testcase classname="backend.tests.test_incremental_update" name="test_login_short_phone" time="0.083" /><testcase classname="backend.tests.test_incremental_update" name="test_login_long_phone" time="0.082" /><testcase classname="backend.tests.test_incremental_update" name="test_login_valid_11digit" time="0.319" /><testcase classname="backend.tests.test_incremental_update" name="test_forgot_password_invalid_phone" time="0.076" /><testcase classname="backend.tests.test_incremental_update" name="test_forgot_password_unknown_phone" time="0.076" /><testcase classname="backend.tests.test_incremental_update" name="test_forgot_password_submit_ok" time="0.307" /><testcase classname="backend.tests.test_incremental_update" name="test_cannot_login_with_new_pwd_before_approval" time="0.327" /><testcase classname="backend.tests.test_incremental_update" name="test_old_pwd_still_works_before_approval" time="0.576" /><testcase classname="backend.tests.test_incremental_update" name="test_forgot_password_duplicate_pending" time="0.093" /><testcase classname="backend.tests.test_incremental_update" name="test_admin_login_get_token" time="0.309" /><testcase classname="backend.tests.test_incremental_update" name="test_non_admin_forbidden_on_password_resets" time="0.381" /><testcase classname="backend.tests.test_incremental_update" name="test_admin_list_password_resets" time="0.081" /><testcase classname="backend.tests.test_incremental_update" name="test_admin_approve_password_reset" time="0.082" /><testcase classname="backend.tests.test_incremental_update" name="test_login_with_new_pwd_after_approval" time="0.306" /><testcase classname="backend.tests.test_incremental_update" name="test_old_pwd_no_longer_works" time="0.310" /><testcase classname="backend.tests.test_incremental_update" name="test_reject_flow_keeps_old_pwd" time="1.415" /></testsuite></testsuites>