<?xml version="1.0" encoding="utf-8"?><testsuites name="pytest tests"><testsuite name="pytest" errors="0" failures="0" skipped="0" tests="38" time="5.932" timestamp="2026-05-20T21:08:08.831915+00:00" hostname="agent-env-e8c7a014-4bdc-40bc-b712-10e4d14963da"><testcase classname="backend.tests.backend_test" name="test_health" time="0.167" /><testcase classname="backend.tests.backend_test" name="test_admin_login" time="0.278" /><testcase classname="backend.tests.backend_test" name="test_register_root_user" time="0.276" /><testcase classname="backend.tests.backend_test" name="test_register_duplicate_phone" time="0.052" /><testcase classname="backend.tests.backend_test" name="test_register_with_invalid_referral" time="0.055" /><testcase classname="backend.tests.backend_test" name="test_register_three_gen_chain" time="0.886" /><testcase classname="backend.tests.backend_test" name="test_login_valid" time="0.276" /><testcase classname="backend.tests.backend_test" name="test_login_invalid" time="0.287" /><testcase classname="backend.tests.backend_test" name="test_me" time="0.055" /><testcase classname="backend.tests.backend_test" name="test_change_password" time="0.788" /><testcase classname="backend.tests.backend_test" name="test_bank_update" time="0.052" /><testcase classname="backend.tests.backend_test" name="test_list_products" time="0.050" /><testcase classname="backend.tests.backend_test" name="test_public_settings" time="0.052" /><testcase classname="backend.tests.backend_test" name="test_deposit_init_mock_then_verify_credits" time="0.152" /><testcase classname="backend.tests.backend_test" name="test_deposit_init_below_min" time="0.048" /><testcase classname="backend.tests.backend_test" name="test_list_deposits" time="0.049" /><testcase classname="backend.tests.backend_test" name="test_invest_insufficient" time="0.058" /><testcase classname="backend.tests.backend_test" name="test_invest_success" time="0.058" /><testcase classname="backend.tests.backend_test" name="test_list_investments" time="0.050" /><testcase classname="backend.tests.backend_test" name="test_withdrawal_without_bank" time="0.106" /><testcase classname="backend.tests.backend_test" name="test_withdrawal_with_bank" time="0.159" /><testcase classname="backend.tests.backend_test" name="test_list_withdrawals" time="0.053" /><testcase classname="backend.tests.backend_test" name="test_admin_create_coupon" time="0.054" /><testcase classname="backend.tests.backend_test" name="test_user_redeem_coupon" time="0.061" /><testcase classname="backend.tests.backend_test" name="test_user_redeem_coupon_duplicate" time="0.049" /><testcase classname="backend.tests.backend_test" name="test_transactions_no_filter" time="0.049" /><testcase classname="backend.tests.backend_test" name="test_transactions_filter_deposit" time="0.050" /><testcase classname="backend.tests.backend_test" name="test_referrals_payload" time="0.056" /><testcase classname="backend.tests.backend_test" name="test_admin_stats" time="0.055" /><testcase classname="backend.tests.backend_test" name="test_admin_users_block_unblock_adjust" time="0.238" /><testcase classname="backend.tests.backend_test" name="test_admin_products_crud" time="0.149" /><testcase classname="backend.tests.backend_test" name="test_admin_deposits_list_and_approve" time="0.159" /><testcase classname="backend.tests.backend_test" name="test_admin_withdrawals_reject_refunds" time="0.250" /><testcase classname="backend.tests.backend_test" name="test_admin_investments_referrals_coupons_list" time="0.157" /><testcase classname="backend.tests.backend_test" name="test_admin_delete_coupon" time="0.049" /><testcase classname="backend.tests.backend_test" name="test_admin_settings_get_put" time="0.107" /><testcase classname="backend.tests.backend_test" name="test_non_admin_forbidden" time="0.051" /><testcase classname="backend.tests.backend_test" name="test_payout_simulation_and_referral_cascade" time="0.280" /></testsuite></testsuites>